<?xml version="1.0" encoding="UTF-8"?>
<!-- Generated by org.testng.reporters.JUnitReportReporter -->
<testsuite hostname="CTC-LAPT-116" failures="0" tests="6" name="tests.LoginTest" time="84.710" errors="0" timestamp="2025-10-10T10:50:46 ICT" skipped="0">
  <testcase classname="tests.LoginTest" name="testLoginJSON" time="13.108"/>
  <testcase classname="tests.LoginTest" name="testLoginExcel" time="15.451"/>
  <testcase classname="tests.LoginTest" name="testLoginCSV" time="9.751"/>
  <testcase classname="tests.LoginTest" name="testLoginExcel" time="23.396"/>
  <testcase classname="tests.LoginTest" name="testLoginJSON" time="5.675"/>
  <testcase classname="tests.LoginTest" name="testLoginCSV" time="17.329"/>
</testsuite> <!-- tests.LoginTest -->
