<?xml version="1.0" encoding="UTF-8"?>
<!-- Generated by org.testng.reporters.JUnitReportReporter -->
<testsuite hostname="CTC-LAPT-116" failures="0" tests="6" name="tests.LoginTest" time="87.177" errors="0" timestamp="2025-10-28T19:04:47 ICT" skipped="0">
  <testcase classname="tests.LoginTest" name="testLoginExcel" time="8.816"/>
  <testcase classname="tests.LoginTest" name="testLoginJSON" time="14.691"/>
  <testcase classname="tests.LoginTest" name="testLoginCSV" time="19.510"/>
  <testcase classname="tests.LoginTest" name="testLoginCSV" time="14.090"/>
  <testcase classname="tests.LoginTest" name="testLoginJSON" time="12.206"/>
  <testcase classname="tests.LoginTest" name="testLoginExcel" time="17.864"/>
</testsuite> <!-- tests.LoginTest -->
