<?xml version="1.0" encoding="UTF-8"?>
<!-- Generated by org.testng.reporters.JUnitReportReporter -->
<testsuite hostname="CTC-LAPT-116" failures="0" tests="3" name="tests.HoversTest" time="38.253" errors="0" timestamp="2025-10-10T10:50:46 ICT" skipped="0">
  <testcase classname="tests.HoversTest" name="testHoverOverThirdFigure" time="9.285"/>
  <testcase classname="tests.HoversTest" name="testHoverOverFirstFigure" time="16.624"/>
  <testcase classname="tests.HoversTest" name="testHoverOverSecondFigure" time="12.344"/>
</testsuite> <!-- tests.HoversTest -->
