<?xml version="1.0" encoding="UTF-8"?>
<!-- Generated by org.testng.reporters.JUnitReportReporter -->
<testsuite hostname="CTC-LAPT-116" failures="0" tests="2" name="tests.LoginTestQAExcercise" time="33.913" errors="0" timestamp="2025-10-28T19:03:28 ICT" skipped="0">
  <testcase classname="tests.LoginTestQAExcercise" name="testLoginExcel" time="18.263"/>
  <testcase classname="tests.LoginTestQAExcercise" name="testLoginExcel" time="15.650"/>
</testsuite> <!-- tests.LoginTestQAExcercise -->
