<?xml version="1.0" encoding="UTF-8"?>
<!-- Generated by org.testng.reporters.JUnitReportReporter -->
<testsuite hostname="CTC-LAPT-116" failures="0" tests="2" name="tests.DropdownTest" time="43.620" errors="0" timestamp="2025-10-22T13:26:27 ICT" skipped="0">
  <testcase classname="tests.DropdownTest" name="testSelectOption2" time="22.152"/>
  <testcase classname="tests.DropdownTest" name="testSelectOption1" time="21.468"/>
</testsuite> <!-- tests.DropdownTest -->
