<?xml version="1.0" encoding="UTF-8"?>
<!-- Generated by org.testng.reporters.JUnitReportReporter -->
<testsuite hostname="CTC-LAPT-116" failures="0" tests="3" name="tests.HoversTest" time="42.755" errors="0" timestamp="2025-10-28T19:04:47 ICT" skipped="0">
  <testcase classname="tests.HoversTest" name="testHoverOverFirstFigure" time="7.006"/>
  <testcase classname="tests.HoversTest" name="testHoverOverSecondFigure" time="18.960"/>
  <testcase classname="tests.HoversTest" name="testHoverOverThirdFigure" time="16.789"/>
</testsuite> <!-- tests.HoversTest -->
