<?xml version="1.0" encoding="UTF-8"?>
<!-- Generated by org.testng.reporters.JUnitReportReporter -->
<testsuite hostname="CTC-LAPT-116" failures="0" tests="1" name="tests.InfiniteScrollTest" time="72.419" errors="0" timestamp="2025-10-30T09:24:23 GMT+07:00" skipped="0">
  <testcase classname="tests.InfiniteScrollTest" name="testInfiniteScrollLoadsMoreContent" time="72.419"/>
</testsuite> <!-- tests.InfiniteScrollTest -->
