<?xml version="1.0" encoding="UTF-8"?>
<!-- Generated by org.testng.reporters.JUnitReportReporter -->
<testsuite hostname="CTC-LAPT-116" failures="0" tests="6" name="tests.LoginTest" time="109.093" errors="0" timestamp="2025-10-30T09:24:23 GMT+07:00" skipped="0">
  <testcase classname="tests.LoginTest" name="testLoginCSV" time="8.793"/>
  <testcase classname="tests.LoginTest" name="testLoginJSON" time="6.127"/>
  <testcase classname="tests.LoginTest" name="testLoginExcel" time="43.875"/>
  <testcase classname="tests.LoginTest" name="testLoginCSV" time="35.118"/>
  <testcase classname="tests.LoginTest" name="testLoginExcel" time="8.098"/>
  <testcase classname="tests.LoginTest" name="testLoginJSON" time="7.082"/>
</testsuite> <!-- tests.LoginTest -->
