<?xml version="1.0" encoding="UTF-8"?>
<!-- Generated by org.testng.reporters.JUnitReportReporter -->
<testsuite hostname="CTC-LAPT-116" failures="0" tests="1" name="tests.DragAndDropTest" time="19.750" errors="0" timestamp="2025-10-28T19:04:47 ICT" skipped="0">
  <testcase classname="tests.DragAndDropTest" name="testDragAndDrop" time="19.750"/>
</testsuite> <!-- tests.DragAndDropTest -->
