<?xml version="1.0" encoding="UTF-8"?>
<!-- Generated by org.testng.reporters.JUnitReportReporter -->
<testsuite hostname="CTC-LAPT-116" failures="0" tests="2" name="tests.DropdownTest" time="35.920" errors="0" timestamp="2025-10-28T19:04:47 ICT" skipped="0">
  <testcase classname="tests.DropdownTest" name="testSelectOption1" time="19.024"/>
  <testcase classname="tests.DropdownTest" name="testSelectOption2" time="16.896"/>
</testsuite> <!-- tests.DropdownTest -->
