<?xml version="1.0" encoding="UTF-8"?>
<!-- Generated by org.testng.reporters.JUnitReportReporter -->
<testsuite hostname="CTC-LAPT-116" failures="0" tests="2" name="tests.DropdownTest" time="48.062" errors="0" timestamp="2025-10-30T09:24:23 GMT+07:00" skipped="0">
  <testcase classname="tests.DropdownTest" name="testSelectOption2" time="8.291"/>
  <testcase classname="tests.DropdownTest" name="testSelectOption1" time="39.771"/>
</testsuite> <!-- tests.DropdownTest -->
