<?xml version="1.0" encoding="UTF-8"?>
<!-- Generated by org.testng.reporters.JUnitReportReporter -->
<testsuite hostname="CTC-LAPT-116" failures="0" tests="1" name="tests.InfiniteScrollTest" time="41.593" errors="0" timestamp="2025-10-28T19:04:47 ICT" skipped="0">
  <testcase classname="tests.InfiniteScrollTest" name="testInfiniteScrollLoadsMoreContent" time="41.593"/>
</testsuite> <!-- tests.InfiniteScrollTest -->
