<?xml version="1.0" encoding="UTF-8"?>
<!-- Generated by org.testng.reporters.JUnitReportReporter -->
<testsuite hostname="CTC-LAPT-116" failures="0" tests="3" name="tests.HoversTest" time="62.660" errors="0" timestamp="2025-10-30T09:24:23 GMT+07:00" skipped="0">
  <testcase classname="tests.HoversTest" name="testHoverOverFirstFigure" time="12.102"/>
  <testcase classname="tests.HoversTest" name="testHoverOverThirdFigure" time="7.162"/>
  <testcase classname="tests.HoversTest" name="testHoverOverSecondFigure" time="43.396"/>
</testsuite> <!-- tests.HoversTest -->
